[debug] [2025-12-27T00:00:48.421Z] ----------------------------------------------------------------------
[debug] [2025-12-27T00:00:48.424Z] Command:       /Users/home/.nvm/versions/node/v20.19.6/bin/node /Users/home/.nvm/versions/node/v20.19.6/bin/firebase deploy
[debug] [2025-12-27T00:00:48.425Z] CLI Version:   15.1.0
[debug] [2025-12-27T00:00:48.425Z] Platform:      darwin
[debug] [2025-12-27T00:00:48.425Z] Node Version:  v20.19.6
[debug] [2025-12-27T00:00:48.425Z] Time:          Sat Dec 27 2025 03:30:48 GMT+0330 (Iran Standard Time)
[debug] [2025-12-27T00:00:48.425Z] ----------------------------------------------------------------------
[debug] 
[debug] [2025-12-27T00:00:49.701Z] > command requires scopes: ["email","openid","https://www.googleapis.com/auth/cloudplatformprojects.readonly","https://www.googleapis.com/auth/firebase","https://www.googleapis.com/auth/cloud-platform"]
[debug] [2025-12-27T00:00:49.702Z] > authorizing via signed-in user (kamtinar@gmail.com)
[debug] [2025-12-27T00:00:49.702Z] [iam] checking project mobix-web for permissions ["firebase.projects.get","firebasehosting.sites.update"]
[debug] [2025-12-27T00:00:49.703Z] Checked if tokens are valid: true, expires at: 1766795221358
[debug] [2025-12-27T00:00:49.703Z] Checked if tokens are valid: true, expires at: 1766795221358
[debug] [2025-12-27T00:00:49.704Z] >>> [apiv2][query] POST https://cloudresourcemanager.googleapis.com/v1/projects/mobix-web:testIamPermissions [none]
[debug] [2025-12-27T00:00:49.704Z] >>> [apiv2][(partial)header] POST https://cloudresourcemanager.googleapis.com/v1/projects/mobix-web:testIamPermissions x-goog-quota-user=projects/mobix-web
[debug] [2025-12-27T00:00:49.705Z] >>> [apiv2][body] POST https://cloudresourcemanager.googleapis.com/v1/projects/mobix-web:testIamPermissions {"permissions":["firebase.projects.get","firebasehosting.sites.update"]}
[debug] [2025-12-27T00:00:50.382Z] <<< [apiv2][status] POST https://cloudresourcemanager.googleapis.com/v1/projects/mobix-web:testIamPermissions 403
[debug] [2025-12-27T00:00:50.382Z] <<< [apiv2][body] POST https://cloudresourcemanager.googleapis.com/v1/projects/mobix-web:testIamPermissions "<!DOCTYPE html>\n<html lang=en>\n  <meta charset=utf-8>\n  <meta name=viewport content=\"initial-scale=1, minimum-scale=1, width=device-width\">\n  <title>Error 403 (Forbidden)!!1</title>\n  <style>\n    *{margin:0;padding:0}html,code{font:15px/22px arial,sans-serif}html{background:#fff;color:#222;padding:15px}body{margin:7% auto 0;max-width:390px;min-height:180px;padding:30px 0 15px}* > body{background:url(//www.google.com/images/errors/robot.png) 100% 5px no-repeat;padding-right:205px}p{margin:11px 0 22px;overflow:hidden}ins{color:#777;text-decoration:none}a img{border:0}@media screen and (max-width:772px){body{background:none;margin-top:0;max-width:none;padding-right:0}}#logo{background:url(//www.google.com/images/branding/googlelogo/1x/googlelogo_color_150x54dp.png) no-repeat;margin-left:-5px}@media only screen and (min-resolution:192dpi){#logo{background:url(//www.google.com/images/branding/googlelogo/2x/googlelogo_color_150x54dp.png) no-repeat 0% 0%/100% 100%;-moz-border-image:url(//www.google.com/images/branding/googlelogo/2x/googlelogo_color_150x54dp.png) 0}}@media only screen and (-webkit-min-device-pixel-ratio:2){#logo{background:url(//www.google.com/images/branding/googlelogo/2x/googlelogo_color_150x54dp.png) no-repeat;-webkit-background-size:100% 100%}}#logo{display:inline-block;height:54px;width:150px}\n  </style>\n  <a href=//www.google.com/><span id=logo aria-label=Google></span></a>\n  <p><b>403.</b> <ins>That’s an error.</ins>\n  <p>Your client does not have permission to get URL <code>/v1/projects/mobix-web:testIamPermissions</code> from this server.  <ins>That’s all we know.</ins>\n"
[debug] [2025-12-27T00:00:50.382Z] [iam] error while checking permissions, command may fail: Unable to parse JSON: SyntaxError: Unexpected token '<', "<!DOCTYPE "... is not valid JSON
[debug] [2025-12-27T00:00:50.383Z] Checked if tokens are valid: true, expires at: 1766795221358
[debug] [2025-12-27T00:00:50.383Z] Checked if tokens are valid: true, expires at: 1766795221358
[debug] [2025-12-27T00:00:50.383Z] >>> [apiv2][query] GET https://firebase.googleapis.com/v1beta1/projects/mobix-web [none]
[debug] [2025-12-27T00:00:50.977Z] <<< [apiv2][status] GET https://firebase.googleapis.com/v1beta1/projects/mobix-web 403
[debug] [2025-12-27T00:00:50.977Z] <<< [apiv2][body] GET https://firebase.googleapis.com/v1beta1/projects/mobix-web "<!DOCTYPE html>\n<html lang=en>\n  <meta charset=utf-8>\n  <meta name=viewport content=\"initial-scale=1, minimum-scale=1, width=device-width\">\n  <title>Error 403 (Forbidden)!!1</title>\n  <style>\n    *{margin:0;padding:0}html,code{font:15px/22px arial,sans-serif}html{background:#fff;color:#222;padding:15px}body{margin:7% auto 0;max-width:390px;min-height:180px;padding:30px 0 15px}* > body{background:url(//www.google.com/images/errors/robot.png) 100% 5px no-repeat;padding-right:205px}p{margin:11px 0 22px;overflow:hidden}ins{color:#777;text-decoration:none}a img{border:0}@media screen and (max-width:772px){body{background:none;margin-top:0;max-width:none;padding-right:0}}#logo{background:url(//www.google.com/images/branding/googlelogo/1x/googlelogo_color_150x54dp.png) no-repeat;margin-left:-5px}@media only screen and (min-resolution:192dpi){#logo{background:url(//www.google.com/images/branding/googlelogo/2x/googlelogo_color_150x54dp.png) no-repeat 0% 0%/100% 100%;-moz-border-image:url(//www.google.com/images/branding/googlelogo/2x/googlelogo_color_150x54dp.png) 0}}@media only screen and (-webkit-min-device-pixel-ratio:2){#logo{background:url(//www.google.com/images/branding/googlelogo/2x/googlelogo_color_150x54dp.png) no-repeat;-webkit-background-size:100% 100%}}#logo{display:inline-block;height:54px;width:150px}\n  </style>\n  <a href=//www.google.com/><span id=logo aria-label=Google></span></a>\n  <p><b>403.</b> <ins>That’s an error.</ins>\n  <p>Your client does not have permission to get URL <code>/v1beta1/projects/mobix-web</code> from this server.  <ins>That’s all we know.</ins>\n"
[debug] [2025-12-27T00:00:50.977Z] Unable to parse JSON: SyntaxError: Unexpected token '<', "<!DOCTYPE "... is not valid JSON
[error] 
[error] Error: Assertion failed: resolving hosting target of a site with no site name or target name. This should have caused an error earlier
